The number of options is: 16
channel : MuMu
 studyName : SystematicStudy_v28
 outputDir : SystematicStudy_v28/MuMu/
 outputO3version : O3v1_dR2p0
 object : O3
 inputFileName : SystematicStudy_v28/MuMu/Asymmetry_dimu_SystematicStudy_v28_O3v1_dR2p0.dat
 confFile : SystematicStudy_v28/MuMu/CP_Inputs_dimu_SystematicStudy_v28.config

SetConfFile Sig EFF !!!!0.001667
Obs : O3 Channel MuMu
Luminosity !!! 35867.1
chan ??dimu
-------------Chek Asym----------------
it first DYJetsToLL_M_10To50 second : -0.021425
it first DYJetsToLL_M_50 second : -0.092438
it first Data second : -0.001813
it first ST_tW_antitop second : 0.001762
it first ST_tW_top second : -0.009351
it first TTJets_Signal second : -0.002051
it first TTJets_others second : 0.013613
it first TTbar_WJetToLNu second : -0.024805
it first TTbar_WQQ second : -0.05901
it first TTbar_ZQQ second : -0.01209
it first TTbar_ZToLLNuNu second : -0.009983
it first WW second : 0.082673
it first WZ second : -1
it first ZZ second : -0.027469
-------------Chek AsymErr----------------
it first DYJetsToLL_M_10To50 second : 0.706782
it first DYJetsToLL_M_50 second : 0.06111
it first Data second : 0.006649
it first ST_tW_antitop second : 0.023693
it first ST_tW_top second : 0.023857
it first TTJets_Signal second : 0.003149
it first TTJets_others second : 0.007705
it first TTbar_WJetToLNu second : 0.017372
it first TTbar_WQQ second : 0.071451
it first TTbar_ZQQ second : 0.07599
it first TTbar_ZToLLNuNu second : 0.014862
it first WW second : 0.258324
it first WZ second : 0
it first ZZ second : 0.706573
-------------Chek NPlus----------------
it first DYJetsToLL_M_10To50 second : 17.2046
it first DYJetsToLL_M_50 second : 170.347
it first Data second : 11289
it first ST_tW_antitop second : 162.651
it first ST_tW_top second : 158.429
it first TTJets_Signal second : 9661.38
it first TTJets_others second : 1631.36
it first TTbar_WJetToLNu second : 8.30576
it first TTbar_WQQ second : 5.71613
it first TTbar_ZQQ second : 9.13973
it first TTbar_ZToLLNuNu second : 6.63297
it first WW second : 4.03676
it first WZ second : 0
it first ZZ second : 0.534006
-------------Chek NPlusErr----------------
it first DYJetsToLL_M_10To50 second : 17.2046
it first DYJetsToLL_M_50 second : 37.9233
it first Data second : 291.301
it first ST_tW_antitop second : 19.1481
it first ST_tW_top second : 16.1484
it first TTJets_Signal second : 121.016
it first TTJets_others second : 39.7007
it first TTbar_WJetToLNu second : 0.974385
it first TTbar_WQQ second : 1.75828
it first TTbar_ZQQ second : 3.33387
it first TTbar_ZToLLNuNu second : 0.548307
it first WW second : 2.23936
it first WZ second : 0
it first ZZ second : 0.534006
-------------Chek F Plus----------------
it first DYJetsToLL_M_10To50 second : 0.489287
it first DYJetsToLL_M_50 second : 0.453781
it first Data second : 0.499094
it first ST_tW_antitop second : 0.500881
it first ST_tW_top second : 0.495325
it first TTJets_Signal second : 0.498974
it first TTJets_others second : 0.506806
it first TTbar_WJetToLNu second : 0.487598
it first TTbar_WQQ second : 0.470495
it first TTbar_ZQQ second : 0.493955
it first TTbar_ZToLLNuNu second : 0.495009
it first WW second : 0.541337
it first WZ second : 0
it first ZZ second : 0.486266
-------------Chek NMinus----------------
it first DYJetsToLL_M_10To50 second : 17.958
it first DYJetsToLL_M_50 second : 205.048
it first Data second : 11330
it first ST_tW_antitop second : 162.079
it first ST_tW_top second : 161.42
it first TTJets_Signal second : 9701.1
it first TTJets_others second : 1587.54
it first TTbar_WJetToLNu second : 8.72829
it first TTbar_WQQ second : 6.43306
it first TTbar_ZQQ second : 9.36344
it first TTbar_ZToLLNuNu second : 6.76674
it first WW second : 3.42026
it first WZ second : 1.71978
it first ZZ second : 0.564171
-------------Chek NMinusErr----------------
it first DYJetsToLL_M_10To50 second : 17.958
it first DYJetsToLL_M_50 second : 38.578
it first Data second : 283.678
it first ST_tW_antitop second : 15.8818
it first ST_tW_top second : 17.1434
it first TTJets_Signal second : 122.158
it first TTJets_others second : 40.4718
it first TTbar_WJetToLNu second : 0.963794
it first TTbar_WQQ second : 1.97202
it first TTbar_ZQQ second : 2.91287
it first TTbar_ZToLLNuNu second : 0.558873
it first WW second : 2.53386
it first WZ second : 1.39574
it first ZZ second : 0.564171
-------------Chek F Minus----------------
it first DYJetsToLL_M_10To50 second : 0.510713
it first DYJetsToLL_M_50 second : 0.546219
it first Data second : 0.500906
it first ST_tW_antitop second : 0.499119
it first ST_tW_top second : 0.504675
it first TTJets_Signal second : 0.501026
it first TTJets_others second : 0.493194
it first TTbar_WJetToLNu second : 0.512402
it first TTbar_WQQ second : 0.529505
it first TTbar_ZQQ second : 0.506045
it first TTbar_ZToLLNuNu second : 0.504991
it first WW second : 0.458663
it first WZ second : 1
it first ZZ second : 0.513734
-------------Chek N Total----------------
it first DYJetsToLL_M_10To50 second : 35.1626
it first DYJetsToLL_M_50 second : 375.394
it first Data second : 22619
it first ST_tW_antitop second : 324.73
it first ST_tW_top second : 319.849
it first TTJets_Signal second : 19362.5
it first TTJets_others second : 3218.9
it first TTbar_WJetToLNu second : 17.0341
it first TTbar_WQQ second : 12.1492
it first TTbar_ZQQ second : 18.5032
it first TTbar_ZToLLNuNu second : 13.3997
it first WW second : 7.45702
it first WZ second : 1.71978
it first ZZ second : 1.09818
Make Values for Likelihood fit !!
it->first : DYJetsToLL_M_10To50
it->first : DYJetsToLL_M_50
it->first : ST_tW_antitop
it->first : ST_tW_top
it->first : TTJets_others
it->first : TTbar_WJetToLNu
it->first : TTbar_WQQ
it->first : TTbar_ZQQ
it->first : TTbar_ZToLLNuNu
it->first : WW
it->first : WZ
it->first : ZZ
N_mc : 4345.4
Return Values !!!!
_nparam : 10
step_size ? 1e-05
Inputs::Init_Asym ? -0.002051
 PARAMETER DEFINITIONS:
    NO.   NAME         VALUE      STEP SIZE      LIMITS
     9 sigma_tt     8.31700e+02  1.00000e-05     no limits
    10 Asymmetry   -2.05100e-03  1.00000e-05     no limits
 **********
 **    1 **FIX           1
 **********
 PARAMETER    1  IS UNDEFINED. IGNORED.
 **********
 **    2 **FIX           2
 **********
 PARAMETER    2  IS UNDEFINED. IGNORED.
 **********
 **    3 **FIX           3
 **********
 PARAMETER    3  IS UNDEFINED. IGNORED.
 **********
 **    4 **FIX           4
 **********
 PARAMETER    4  IS UNDEFINED. IGNORED.
 **********
 **    5 **FIX           5
 **********
 PARAMETER    5  IS UNDEFINED. IGNORED.
 **********
 **    6 **FIX           6
 **********
 PARAMETER    6  IS UNDEFINED. IGNORED.
 **********
 **    7 **FIX           7
 **********
 PARAMETER    7  IS UNDEFINED. IGNORED.
 **********
 **    8 **FIX           8
 **********
 PARAMETER    8  IS UNDEFINED. IGNORED.
 **********
 **    9 **FIX           9
 **********
 **********
 **   10 **FIX          10
 **********
 **********
 **   11 **RELEASE          10
 **********
                   PARAMETER   10  Asymmetry RESTORED TO VARIABLE.
 **********
 **   12 **RELEASE           9
 **********
                   PARAMETER    9  sigma_tt RESTORED TO VARIABLE.
 **********
 **   13 **RELEASE           8
 **********
 PARAMETER    8  IS UNDEFINED. IGNORED.
 **********
 **   14 **RELEASE           7
 **********
 PARAMETER    7  IS UNDEFINED. IGNORED.
 **********
 **   15 **RELEASE           6
 **********
 PARAMETER    6  IS UNDEFINED. IGNORED.
 **********
 **   16 **RELEASE           5
 **********
 PARAMETER    5  IS UNDEFINED. IGNORED.
 **********
 **   17 **RELEASE           4
 **********
 PARAMETER    4  IS UNDEFINED. IGNORED.
 **********
 **   18 **RELEASE           3
 **********
 PARAMETER    3  IS UNDEFINED. IGNORED.
 **********
 **   19 **RELEASE           2
 **********
 PARAMETER    2  IS UNDEFINED. IGNORED.
 **********
 **   20 **CALL FCN           1
 **********
 FCN=-176753 FROM CALl fcn    STATUS=RESET           1 CALLS           1 TOTAL
                     EDM= unknown      STRATEGY= 1      NO ERROR MATRIX       
  EXT PARAMETER               CURRENT GUESS      PHYSICAL LIMITS       
  NO.   NAME      VALUE            ERROR       NEGATIVE      POSITIVE  
   9  sigma_tt     8.31700e+02   1.00000e-05
  10  Asymmetry   -2.05100e-03   1.00000e-05
 **********
 **   21 **SET PRINT
 **********
 **********
 **   22 **SET RAN   1.235e+08
 **********
 **********
 **   23 **MIGRAD       1e+07       0.001
 **********
 MIGRAD MINIMIZATION HAS CONVERGED.
 MIGRAD WILL VERIFY CONVERGENCE AND ERROR MATRIX.
 FCN=-188493 FROM MIGRAD    STATUS=CONVERGED      80 CALLS          81 TOTAL
                     EDM=1.35587e-09    STRATEGY= 1      ERROR MATRIX ACCURATE 
  EXT PARAMETER                                   STEP         FIRST   
  NO.   NAME      VALUE            ERROR          SIZE      DERIVATIVE 
   9  sigma_tt     3.05628e+02   3.55729e+00   7.54124e-01  -1.13632e-05
  10  Asymmetry   -2.42493e-03   1.16393e-02   2.46743e-03   2.82106e-03
 **********
 **   24 **SET ERR         0.5
 **********
 **********
 **   25 **MINOS
 **********
 FCN=-188493 FROM MINOS     STATUS=SUCCESSFUL     27 CALLS         108 TOTAL
                     EDM=1.35587e-09    STRATEGY= 1      ERROR MATRIX ACCURATE 
  EXT PARAMETER                  PARABOLIC         MINOS ERRORS        
  NO.   NAME      VALUE            ERROR      NEGATIVE      POSITIVE   
   9  sigma_tt     3.05628e+02   2.51539e+00  -2.50973e+00   2.52103e+00
  10  Asymmetry   -2.42493e-03   8.23022e-03  -8.23028e-03   8.23002e-03
                               ERR DEF= 0.5


========================================================================================================= 
====                             Summary of likelihood fit by Minuit                                ===== 
========================================================================================================= 


----------------------------------------------------------------------------------------------------------
Asymmetry O3 = -0.00242493 +0.00823002 --0.00823028  (MINOS errors)
xsection ttbar O3 = 305.628 +2.52103 --2.50973  (MINOS errors)
----------------------------------------------------------------------------------------------------------



End processing...

