The number of options is: 16
channel : MuMu
 studyName : SystematicStudy_v28
 outputDir : SystematicStudy_v28/MuMu/
 outputO3version : O3v1_dR1p5
 object : O3
 inputFileName : SystematicStudy_v28/MuMu/Asymmetry_dimu_SystematicStudy_v28_O3v1_dR1p5.dat
 confFile : SystematicStudy_v28/MuMu/CP_Inputs_dimu_SystematicStudy_v28.config

SetConfFile Sig EFF !!!!0.001667
Obs : O3 Channel MuMu
Luminosity !!! 35867.1
chan ??dimu
-------------Chek Asym----------------
it first DYJetsToLL_M_10To50 second : nan
it first DYJetsToLL_M_50 second : -0.07118
it first Data second : 9.6e-05
it first ST_tW_antitop second : 0.026738
it first ST_tW_top second : 0.016625
it first TTJets_Signal second : -0.003069
it first TTJets_others second : 0.012445
it first TTbar_WJetToLNu second : -0.009951
it first TTbar_WQQ second : -0.005115
it first TTbar_ZQQ second : 0.016706
it first TTbar_ZToLLNuNu second : 0.002275
it first WW second : 0.024417
it first WZ second : nan
it first ZZ second : -0.027469
-------------Chek AsymErr----------------
it first DYJetsToLL_M_10To50 second : nan
it first DYJetsToLL_M_50 second : 0.103325
it first Data second : 0.009817
it first ST_tW_antitop second : 0.039321
it first ST_tW_top second : 0.040159
it first TTJets_Signal second : 0.004582
it first TTJets_others second : 0.010876
it first TTbar_WJetToLNu second : 0.026514
it first TTbar_WQQ second : 0.107271
it first TTbar_ZQQ second : 0.108517
it first TTbar_ZToLLNuNu second : 0.0224
it first WW second : 0.530996
it first WZ second : nan
it first ZZ second : 0.706573
-------------Chek NPlus----------------
it first DYJetsToLL_M_10To50 second : 0
it first DYJetsToLL_M_50 second : 62.0271
it first Data second : 5189
it first ST_tW_antitop second : 60.8645
it first ST_tW_top second : 57.9922
it first TTJets_Signal second : 4579.43
it first TTJets_others second : 821.679
it first TTbar_WJetToLNu second : 3.75332
it first TTbar_WQQ second : 2.86982
it first TTbar_ZQQ second : 4.56294
it first TTbar_ZToLLNuNu second : 2.95755
it first WW second : 0.81863
it first WZ second : 0
it first ZZ second : 0.534006
-------------Chek NPlusErr----------------
it first DYJetsToLL_M_10To50 second : 0
it first DYJetsToLL_M_50 second : 17.4513
it first Data second : 197.386
it first ST_tW_antitop second : 10.4599
it first ST_tW_top second : 8.91567
it first TTJets_Signal second : 83.9078
it first TTJets_others second : 28.5482
it first TTbar_WJetToLNu second : 0.624526
it first TTbar_WQQ second : 1.14149
it first TTbar_ZQQ second : 2.11684
it first TTbar_ZToLLNuNu second : 0.324641
it first WW second : 0.598862
it first WZ second : 0
it first ZZ second : 0.534006
-------------Chek F Plus----------------
it first DYJetsToLL_M_10To50 second : nan
it first DYJetsToLL_M_50 second : 0.46441
it first Data second : 0.500048
it first ST_tW_antitop second : 0.513369
it first ST_tW_top second : 0.508313
it first TTJets_Signal second : 0.498465
it first TTJets_others second : 0.506223
it first TTbar_WJetToLNu second : 0.495025
it first TTbar_WQQ second : 0.497442
it first TTbar_ZQQ second : 0.508353
it first TTbar_ZToLLNuNu second : 0.501138
it first WW second : 0.512209
it first WZ second : nan
it first ZZ second : 0.486266
-------------Chek NMinus----------------
it first DYJetsToLL_M_10To50 second : 0
it first DYJetsToLL_M_50 second : 71.534
it first Data second : 5188
it first ST_tW_antitop second : 57.6944
it first ST_tW_top second : 56.0954
it first TTJets_Signal second : 4607.63
it first TTJets_others second : 801.479
it first TTbar_WJetToLNu second : 3.82877
it first TTbar_WQQ second : 2.89933
it first TTbar_ZQQ second : 4.41299
it first TTbar_ZToLLNuNu second : 2.94412
it first WW second : 0.779606
it first WZ second : 0
it first ZZ second : 0.564171
-------------Chek NMinusErr----------------
it first DYJetsToLL_M_10To50 second : 0
it first DYJetsToLL_M_50 second : 16.1791
it first Data second : 190.413
it first ST_tW_antitop second : 8.78067
it first ST_tW_top second : 8.47934
it first TTJets_Signal second : 85.6055
it first TTJets_others second : 28.4249
it first TTbar_WJetToLNu second : 0.611766
it first TTbar_WQQ second : 1.24773
it first TTbar_ZQQ second : 1.82923
it first TTbar_ZToLLNuNu second : 0.330781
it first WW second : 0.600863
it first WZ second : 0
it first ZZ second : 0.564171
-------------Chek F Minus----------------
it first DYJetsToLL_M_10To50 second : nan
it first DYJetsToLL_M_50 second : 0.53559
it first Data second : 0.499952
it first ST_tW_antitop second : 0.486631
it first ST_tW_top second : 0.491687
it first TTJets_Signal second : 0.501535
it first TTJets_others second : 0.493777
it first TTbar_WJetToLNu second : 0.504975
it first TTbar_WQQ second : 0.502558
it first TTbar_ZQQ second : 0.491647
it first TTbar_ZToLLNuNu second : 0.498862
it first WW second : 0.487791
it first WZ second : nan
it first ZZ second : 0.513734
-------------Chek N Total----------------
it first DYJetsToLL_M_10To50 second : 0
it first DYJetsToLL_M_50 second : 133.561
it first Data second : 10377
it first ST_tW_antitop second : 118.559
it first ST_tW_top second : 114.088
it first TTJets_Signal second : 9187.06
it first TTJets_others second : 1623.16
it first TTbar_WJetToLNu second : 7.5821
it first TTbar_WQQ second : 5.76916
it first TTbar_ZQQ second : 8.97593
it first TTbar_ZToLLNuNu second : 5.90168
it first WW second : 1.59824
it first WZ second : 0
it first ZZ second : 1.09818
Make Values for Likelihood fit !!
it->first : DYJetsToLL_M_10To50
it->first : DYJetsToLL_M_50
it->first : ST_tW_antitop
it->first : ST_tW_top
it->first : TTJets_others
it->first : TTbar_WJetToLNu
it->first : TTbar_WQQ
it->first : TTbar_ZQQ
it->first : TTbar_ZToLLNuNu
it->first : WW
it->first : WZ
it->first : ZZ
N_mc : 2020.29
Return Values !!!!
_nparam : 10
step_size ? 1e-05
Inputs::Init_Asym ? -0.003069
 PARAMETER DEFINITIONS:
    NO.   NAME         VALUE      STEP SIZE      LIMITS
     9 sigma_tt     8.31700e+02  1.00000e-05     no limits
    10 Asymmetry   -3.06900e-03  1.00000e-05     no limits
 **********
 **    1 **FIX           1
 **********
 PARAMETER    1  IS UNDEFINED. IGNORED.
 **********
 **    2 **FIX           2
 **********
 PARAMETER    2  IS UNDEFINED. IGNORED.
 **********
 **    3 **FIX           3
 **********
 PARAMETER    3  IS UNDEFINED. IGNORED.
 **********
 **    4 **FIX           4
 **********
 PARAMETER    4  IS UNDEFINED. IGNORED.
 **********
 **    5 **FIX           5
 **********
 PARAMETER    5  IS UNDEFINED. IGNORED.
 **********
 **    6 **FIX           6
 **********
 PARAMETER    6  IS UNDEFINED. IGNORED.
 **********
 **    7 **FIX           7
 **********
 PARAMETER    7  IS UNDEFINED. IGNORED.
 **********
 **    8 **FIX           8
 **********
 PARAMETER    8  IS UNDEFINED. IGNORED.
 **********
 **    9 **FIX           9
 **********
 **********
 **   10 **FIX          10
 **********
 **********
 **   11 **RELEASE          10
 **********
                   PARAMETER   10  Asymmetry RESTORED TO VARIABLE.
 **********
 **   12 **RELEASE           9
 **********
                   PARAMETER    9  sigma_tt RESTORED TO VARIABLE.
 **********
 **   13 **RELEASE           8
 **********
 PARAMETER    8  IS UNDEFINED. IGNORED.
 **********
 **   14 **RELEASE           7
 **********
 PARAMETER    7  IS UNDEFINED. IGNORED.
 **********
 **   15 **RELEASE           6
 **********
 PARAMETER    6  IS UNDEFINED. IGNORED.
 **********
 **   16 **RELEASE           5
 **********
 PARAMETER    5  IS UNDEFINED. IGNORED.
 **********
 **   17 **RELEASE           4
 **********
 PARAMETER    4  IS UNDEFINED. IGNORED.
 **********
 **   18 **RELEASE           3
 **********
 PARAMETER    3  IS UNDEFINED. IGNORED.
 **********
 **   19 **RELEASE           2
 **********
 PARAMETER    2  IS UNDEFINED. IGNORED.
 **********
 **   20 **CALL FCN           1
 **********
 FCN=-53692.6 FROM CALl fcn    STATUS=RESET           1 CALLS           1 TOTAL
                     EDM= unknown      STRATEGY= 1      NO ERROR MATRIX       
  EXT PARAMETER               CURRENT GUESS      PHYSICAL LIMITS       
  NO.   NAME      VALUE            ERROR       NEGATIVE      POSITIVE  
   9  sigma_tt     8.31700e+02   1.00000e-05
  10  Asymmetry   -3.06900e-03   1.00000e-05
 **********
 **   21 **SET PRINT
 **********
 **********
 **   22 **SET RAN   1.235e+08
 **********
 **********
 **   23 **MIGRAD       1e+07       0.001
 **********
 MIGRAD MINIMIZATION HAS CONVERGED.
 MIGRAD WILL VERIFY CONVERGENCE AND ERROR MATRIX.
 FCN=-78389.9 FROM MIGRAD    STATUS=CONVERGED      55 CALLS          56 TOTAL
                     EDM=2.89657e-09    STRATEGY= 1      ERROR MATRIX ACCURATE 
  EXT PARAMETER                                   STEP         FIRST   
  NO.   NAME      VALUE            ERROR          SIZE      DERIVATIVE 
   9  sigma_tt     1.39767e+02   2.40946e+00   3.29404e-01   1.29658e-05
  10  Asymmetry   -1.77380e-03   1.72391e-02   2.35677e-03   4.02351e-03
 **********
 **   24 **SET ERR         0.5
 **********
 **********
 **   25 **MINOS
 **********
 FCN=-78389.9 FROM MINOS     STATUS=SUCCESSFUL     26 CALLS          82 TOTAL
                     EDM=2.89657e-09    STRATEGY= 1      ERROR MATRIX ACCURATE 
  EXT PARAMETER                  PARABOLIC         MINOS ERRORS        
  NO.   NAME      VALUE            ERROR      NEGATIVE      POSITIVE   
   9  sigma_tt     1.39767e+02   1.70374e+00  -1.69819e+00   1.70927e+00
  10  Asymmetry   -1.77380e-03   1.21899e-02  -1.21903e-02   1.21890e-02
                               ERR DEF= 0.5


========================================================================================================= 
====                             Summary of likelihood fit by Minuit                                ===== 
========================================================================================================= 


----------------------------------------------------------------------------------------------------------
Asymmetry O3 = -0.0017738 +0.012189 --0.0121903  (MINOS errors)
xsection ttbar O3 = 139.767 +1.70927 --1.69819  (MINOS errors)
----------------------------------------------------------------------------------------------------------



End processing...

