The number of options is: 16
channel : MuMu
 studyName : SystematicStudy_v28
 outputDir : SystematicStudy_v28/MuMu/
 outputO3version : O3v1_dR10p0
 object : O3
 inputFileName : SystematicStudy_v28/MuMu/Asymmetry_dimu_SystematicStudy_v28_O3v1_dR10p0.dat
 confFile : SystematicStudy_v28/MuMu/CP_Inputs_dimu_SystematicStudy_v28.config

SetConfFile Sig EFF !!!!0.001667
Obs : O3 Channel MuMu
Luminosity !!! 35867.1
chan ??dimu
-------------Chek Asym----------------
it first DYJetsToLL_M_10To50 second : -0.058049
it first DYJetsToLL_M_50 second : -0.012658
it first Data second : -0.002551
it first ST_tW_antitop second : -0.002637
it first ST_tW_top second : 0.009104
it first TTJets_Signal second : 0.000851
it first TTJets_others second : 0.006551
it first TTbar_WJetToLNu second : 0.003173
it first TTbar_WQQ second : -0.039888
it first TTbar_ZQQ second : 0.044551
it first TTbar_ZToLLNuNu second : -0.00519
it first WW second : 0.037756
it first WZ second : 0.168682
it first ZZ second : -0.283459
-------------Chek AsymErr----------------
it first DYJetsToLL_M_10To50 second : 0.185425
it first DYJetsToLL_M_50 second : 0.029116
it first Data second : 0.004005
it first ST_tW_antitop second : 0.011681
it first ST_tW_top second : 0.011597
it first TTJets_Signal second : 0.001956
it first TTJets_others second : 0.004851
it first TTbar_WJetToLNu second : 0.009864
it first TTbar_WQQ second : 0.042142
it first TTbar_ZQQ second : 0.048007
it first TTbar_ZToLLNuNu second : 0.008201
it first WW second : 0.092373
it first WZ second : 0.156544
it first ZZ second : 0.420391
-------------Chek NPlus----------------
it first DYJetsToLL_M_10To50 second : 255.696
it first DYJetsToLL_M_50 second : 828.62
it first Data second : 31088
it first ST_tW_antitop second : 662.264
it first ST_tW_top second : 679.406
it first TTJets_Signal second : 24906
it first TTJets_others second : 4051.54
it first TTbar_WJetToLNu second : 26.4369
it first TTbar_WQQ second : 16.6523
it first TTbar_ZQQ second : 25.475
it first TTbar_ZToLLNuNu second : 22.2308
it first WW second : 32.4756
it first WZ second : 13.4389
it first ZZ second : 1.07009
-------------Chek NPlusErr----------------
it first DYJetsToLL_M_10To50 second : 95.1819
it first DYJetsToLL_M_50 second : 120.486
it first Data second : 594.745
it first ST_tW_antitop second : 47.0693
it first ST_tW_top second : 46.5246
it first TTJets_Signal second : 234.02
it first TTJets_others second : 79.4819
it first TTbar_WJetToLNu second : 1.94544
it first TTbar_WQQ second : 4.34212
it first TTbar_ZQQ second : 7.06136
it first TTbar_ZToLLNuNu second : 1.28191
it first WW second : 13.8942
it first WZ second : 6.88768
it first ZZ second : 0.756669
-------------Chek F Plus----------------
it first DYJetsToLL_M_10To50 second : 0.470976
it first DYJetsToLL_M_50 second : 0.493671
it first Data second : 0.498725
it first ST_tW_antitop second : 0.498682
it first ST_tW_top second : 0.504552
it first TTJets_Signal second : 0.500425
it first TTJets_others second : 0.503275
it first TTbar_WJetToLNu second : 0.501586
it first TTbar_WQQ second : 0.480056
it first TTbar_ZQQ second : 0.522276
it first TTbar_ZToLLNuNu second : 0.497405
it first WW second : 0.518878
it first WZ second : 0.584341
it first ZZ second : 0.35827
-------------Chek NMinus----------------
it first DYJetsToLL_M_10To50 second : 287.211
it first DYJetsToLL_M_50 second : 849.866
it first Data second : 31247
it first ST_tW_antitop second : 665.765
it first ST_tW_top second : 667.147
it first TTJets_Signal second : 24863.6
it first TTJets_others second : 3998.8
it first TTbar_WJetToLNu second : 26.2697
it first TTbar_WQQ second : 18.036
it first TTbar_ZQQ second : 23.3019
it first TTbar_ZToLLNuNu second : 22.4628
it first WW second : 30.1125
it first WZ second : 9.55947
it first ZZ second : 1.91673
-------------Chek NMinusErr----------------
it first DYJetsToLL_M_10To50 second : 144.536
it first DYJetsToLL_M_50 second : 112.583
it first Data second : 592.181
it first ST_tW_antitop second : 46.5218
it first ST_tW_top second : 47.8311
it first TTJets_Signal second : 235.087
it first TTJets_others second : 81.1594
it first TTbar_WJetToLNu second : 1.96345
it first TTbar_WQQ second : 4.40727
it first TTbar_ZQQ second : 6.73608
it first TTbar_ZToLLNuNu second : 1.29582
it first WW second : 11.1965
it first WZ second : 5.30548
it first ZZ second : 1.56174
-------------Chek F Minus----------------
it first DYJetsToLL_M_10To50 second : 0.529024
it first DYJetsToLL_M_50 second : 0.506329
it first Data second : 0.501275
it first ST_tW_antitop second : 0.501318
it first ST_tW_top second : 0.495448
it first TTJets_Signal second : 0.499575
it first TTJets_others second : 0.496725
it first TTbar_WJetToLNu second : 0.498414
it first TTbar_WQQ second : 0.519944
it first TTbar_ZQQ second : 0.477724
it first TTbar_ZToLLNuNu second : 0.502595
it first WW second : 0.481122
it first WZ second : 0.415659
it first ZZ second : 0.64173
-------------Chek N Total----------------
it first DYJetsToLL_M_10To50 second : 542.906
it first DYJetsToLL_M_50 second : 1678.49
it first Data second : 62335
it first ST_tW_antitop second : 1328.03
it first ST_tW_top second : 1346.55
it first TTJets_Signal second : 49769.6
it first TTJets_others second : 8050.34
it first TTbar_WJetToLNu second : 52.7066
it first TTbar_WQQ second : 34.6883
it first TTbar_ZQQ second : 48.7769
it first TTbar_ZToLLNuNu second : 44.6936
it first WW second : 62.5881
it first WZ second : 22.9983
it first ZZ second : 2.98682
Make Values for Likelihood fit !!
it->first : DYJetsToLL_M_10To50
it->first : DYJetsToLL_M_50
it->first : ST_tW_antitop
it->first : ST_tW_top
it->first : TTJets_others
it->first : TTbar_WJetToLNu
it->first : TTbar_WQQ
it->first : TTbar_ZQQ
it->first : TTbar_ZToLLNuNu
it->first : WW
it->first : WZ
it->first : ZZ
N_mc : 13215.8
Return Values !!!!
_nparam : 10
step_size ? 1e-05
Inputs::Init_Asym ? 0.000851
 PARAMETER DEFINITIONS:
    NO.   NAME         VALUE      STEP SIZE      LIMITS
     9 sigma_tt     8.31700e+02  1.00000e-05     no limits
    10 Asymmetry    8.51000e-04  1.00000e-05     no limits
 **********
 **    1 **FIX           1
 **********
 PARAMETER    1  IS UNDEFINED. IGNORED.
 **********
 **    2 **FIX           2
 **********
 PARAMETER    2  IS UNDEFINED. IGNORED.
 **********
 **    3 **FIX           3
 **********
 PARAMETER    3  IS UNDEFINED. IGNORED.
 **********
 **    4 **FIX           4
 **********
 PARAMETER    4  IS UNDEFINED. IGNORED.
 **********
 **    5 **FIX           5
 **********
 PARAMETER    5  IS UNDEFINED. IGNORED.
 **********
 **    6 **FIX           6
 **********
 PARAMETER    6  IS UNDEFINED. IGNORED.
 **********
 **    7 **FIX           7
 **********
 PARAMETER    7  IS UNDEFINED. IGNORED.
 **********
 **    8 **FIX           8
 **********
 PARAMETER    8  IS UNDEFINED. IGNORED.
 **********
 **    9 **FIX           9
 **********
 **********
 **   10 **FIX          10
 **********
 **********
 **   11 **RELEASE          10
 **********
                   PARAMETER   10  Asymmetry RESTORED TO VARIABLE.
 **********
 **   12 **RELEASE           9
 **********
                   PARAMETER    9  sigma_tt RESTORED TO VARIABLE.
 **********
 **   13 **RELEASE           8
 **********
 PARAMETER    8  IS UNDEFINED. IGNORED.
 **********
 **   14 **RELEASE           7
 **********
 PARAMETER    7  IS UNDEFINED. IGNORED.
 **********
 **   15 **RELEASE           6
 **********
 PARAMETER    6  IS UNDEFINED. IGNORED.
 **********
 **   16 **RELEASE           5
 **********
 PARAMETER    5  IS UNDEFINED. IGNORED.
 **********
 **   17 **RELEASE           4
 **********
 PARAMETER    4  IS UNDEFINED. IGNORED.
 **********
 **   18 **RELEASE           3
 **********
 PARAMETER    3  IS UNDEFINED. IGNORED.
 **********
 **   19 **RELEASE           2
 **********
 PARAMETER    2  IS UNDEFINED. IGNORED.
 **********
 **   20 **CALL FCN           1
 **********
 FCN=-582650 FROM CALl fcn    STATUS=RESET           1 CALLS           1 TOTAL
                     EDM= unknown      STRATEGY= 1      NO ERROR MATRIX       
  EXT PARAMETER               CURRENT GUESS      PHYSICAL LIMITS       
  NO.   NAME      VALUE            ERROR       NEGATIVE      POSITIVE  
   9  sigma_tt     8.31700e+02   1.00000e-05
  10  Asymmetry    8.51000e-04   1.00000e-05
 **********
 **   21 **SET PRINT
 **********
 **********
 **   22 **SET RAN   1.235e+08
 **********
 **********
 **   23 **MIGRAD       1e+07       0.001
 **********
 MIGRAD MINIMIZATION HAS CONVERGED.
 MIGRAD WILL VERIFY CONVERGENCE AND ERROR MATRIX.
 FCN=-582654 FROM MIGRAD    STATUS=CONVERGED      36 CALLS          37 TOTAL
                     EDM=5.66983e-08    STRATEGY= 1      ERROR MATRIX ACCURATE 
  EXT PARAMETER                                   STEP         FIRST   
  NO.   NAME      VALUE            ERROR          SIZE      DERIVATIVE 
   9  sigma_tt     8.21525e+02   5.90540e+00   2.20082e+00   5.70210e-05
  10  Asymmetry   -3.53946e-03   7.18832e-03   2.67925e-03  -4.22557e-04
 **********
 **   24 **SET ERR         0.5
 **********
 **********
 **   25 **MINOS
 **********
 FCN=-582654 FROM MINOS     STATUS=SUCCESSFUL     28 CALLS          65 TOTAL
                     EDM=5.66983e-08    STRATEGY= 1      ERROR MATRIX ACCURATE 
  EXT PARAMETER                  PARABOLIC         MINOS ERRORS        
  NO.   NAME      VALUE            ERROR      NEGATIVE      POSITIVE   
   9  sigma_tt     8.21525e+02   4.17575e+00  -4.17117e+00   4.18032e+00
  10  Asymmetry   -3.53946e-03   5.08291e-03  -5.08286e-03   5.08294e-03
                               ERR DEF= 0.5


========================================================================================================= 
====                             Summary of likelihood fit by Minuit                                ===== 
========================================================================================================= 


----------------------------------------------------------------------------------------------------------
Asymmetry O3 = -0.00353946 +0.00508294 --0.00508286  (MINOS errors)
xsection ttbar O3 = 821.525 +4.18032 --4.17117  (MINOS errors)
----------------------------------------------------------------------------------------------------------



End processing...

