The number of options is: 16
channel : MuMu
 studyName : SystematicStudy_v28
 outputDir : SystematicStudy_v28/MuMu/
 outputO3version : O3v1_dR3p0
 object : O3
 inputFileName : SystematicStudy_v28/MuMu/Asymmetry_dimu_SystematicStudy_v28_O3v1_dR3p0.dat
 confFile : SystematicStudy_v28/MuMu/CP_Inputs_dimu_SystematicStudy_v28.config

SetConfFile Sig EFF !!!!0.001667
Obs : O3 Channel MuMu
Luminosity !!! 35867.1
chan ??dimu
-------------Chek Asym----------------
it first DYJetsToLL_M_10To50 second : 0.154157
it first DYJetsToLL_M_50 second : -0.033286
it first Data second : -0.001894
it first ST_tW_antitop second : 0.002683
it first ST_tW_top second : 0.02104
it first TTJets_Signal second : 0.002702
it first TTJets_others second : 0.003145
it first TTbar_WJetToLNu second : -0.000741
it first TTbar_WQQ second : -0.033433
it first TTbar_ZQQ second : 0.056368
it first TTbar_ZToLLNuNu second : -0.003905
it first WW second : -0.070888
it first WZ second : 0.039919
it first ZZ second : -0.404852
-------------Chek AsymErr----------------
it first DYJetsToLL_M_10To50 second : 0.235075
it first DYJetsToLL_M_50 second : 0.034379
it first Data second : 0.004465
it first ST_tW_antitop second : 0.013681
it first ST_tW_top second : 0.013632
it first TTJets_Signal second : 0.002161
it first TTJets_others second : 0.00538
it first TTbar_WJetToLNu second : 0.011189
it first TTbar_WQQ second : 0.046264
it first TTbar_ZQQ second : 0.053579
it first TTbar_ZToLLNuNu second : 0.009328
it first WW second : 0.116934
it first WZ second : 0.204975
it first ZZ second : 0.512939
-------------Chek NPlus----------------
it first DYJetsToLL_M_10To50 second : 187.275
it first DYJetsToLL_M_50 second : 584.417
it first Data second : 25033
it first ST_tW_antitop second : 486.46
it first ST_tW_top second : 498.595
it first TTJets_Signal second : 20497.3
it first TTJets_others second : 3291.11
it first TTbar_WJetToLNu second : 20.4981
it first TTbar_WQQ second : 13.5138
it first TTbar_ZQQ second : 20.8129
it first TTbar_ZToLLNuNu second : 17.1701
it first WW second : 18.1096
it first WZ second : 7.00944
it first ZZ second : 0.534006
-------------Chek NPlusErr----------------
it first DYJetsToLL_M_10To50 second : 78.3721
it first DYJetsToLL_M_50 second : 91.1403
it first Data second : 472.45
it first ST_tW_antitop second : 38.2028
it first ST_tW_top second : 35.8013
it first TTJets_Signal second : 192.471
it first TTJets_others second : 64.5196
it first TTbar_WJetToLNu second : 1.64356
it first TTbar_WQQ second : 3.56611
it first TTbar_ZQQ second : 5.79343
it first TTbar_ZToLLNuNu second : 1.04822
it first WW second : 7.09323
it first WZ second : 3.69321
it first ZZ second : 0.534006
-------------Chek F Plus----------------
it first DYJetsToLL_M_10To50 second : 0.577078
it first DYJetsToLL_M_50 second : 0.483357
it first Data second : 0.499053
it first ST_tW_antitop second : 0.501341
it first ST_tW_top second : 0.51052
it first TTJets_Signal second : 0.501351
it first TTJets_others second : 0.501572
it first TTbar_WJetToLNu second : 0.49963
it first TTbar_WQQ second : 0.483284
it first TTbar_ZQQ second : 0.528184
it first TTbar_ZToLLNuNu second : 0.498048
it first WW second : 0.464556
it first WZ second : 0.519959
it first ZZ second : 0.297574
-------------Chek NMinus----------------
it first DYJetsToLL_M_10To50 second : 137.248
it first DYJetsToLL_M_50 second : 624.662
it first Data second : 25128
it first ST_tW_antitop second : 483.857
it first ST_tW_top second : 478.046
it first TTJets_Signal second : 20386.9
it first TTJets_others second : 3270.47
it first TTbar_WJetToLNu second : 20.5285
it first TTbar_WQQ second : 14.4486
it first TTbar_ZQQ second : 18.5917
it first TTbar_ZToLLNuNu second : 17.3048
it first WW second : 20.873
it first WZ second : 6.4713
it first ZZ second : 1.26052
-------------Chek NMinusErr----------------
it first DYJetsToLL_M_10To50 second : 49.7193
it first DYJetsToLL_M_50 second : 86.0239
it first Data second : 478.838
it first ST_tW_antitop second : 35.9433
it first ST_tW_top second : 36.3407
it first TTJets_Signal second : 192.071
it first TTJets_others second : 64.6249
it first TTbar_WJetToLNu second : 1.64652
it first TTbar_WQQ second : 3.51479
it first TTbar_ZQQ second : 5.26595
it first TTbar_ZToLLNuNu second : 1.06547
it first WW second : 8.25334
it first WZ second : 3.88946
it first ZZ second : 1.26052
-------------Chek F Minus----------------
it first DYJetsToLL_M_10To50 second : 0.422922
it first DYJetsToLL_M_50 second : 0.516643
it first Data second : 0.500947
it first ST_tW_antitop second : 0.498659
it first ST_tW_top second : 0.48948
it first TTJets_Signal second : 0.498649
it first TTJets_others second : 0.498428
it first TTbar_WJetToLNu second : 0.50037
it first TTbar_WQQ second : 0.516716
it first TTbar_ZQQ second : 0.471816
it first TTbar_ZToLLNuNu second : 0.501952
it first WW second : 0.535444
it first WZ second : 0.480041
it first ZZ second : 0.702426
-------------Chek N Total----------------
it first DYJetsToLL_M_10To50 second : 324.523
it first DYJetsToLL_M_50 second : 1209.08
it first Data second : 50161
it first ST_tW_antitop second : 970.317
it first ST_tW_top second : 976.641
it first TTJets_Signal second : 40884.2
it first TTJets_others second : 6561.58
it first TTbar_WJetToLNu second : 41.0265
it first TTbar_WQQ second : 27.9624
it first TTbar_ZQQ second : 39.4046
it first TTbar_ZToLLNuNu second : 34.4749
it first WW second : 38.9826
it first WZ second : 13.4807
it first ZZ second : 1.79453
Make Values for Likelihood fit !!
it->first : DYJetsToLL_M_10To50
it->first : DYJetsToLL_M_50
it->first : ST_tW_antitop
it->first : ST_tW_top
it->first : TTJets_others
it->first : TTbar_WJetToLNu
it->first : TTbar_WQQ
it->first : TTbar_ZQQ
it->first : TTbar_ZToLLNuNu
it->first : WW
it->first : WZ
it->first : ZZ
N_mc : 10239.3
Return Values !!!!
_nparam : 10
step_size ? 1e-05
Inputs::Init_Asym ? 0.002702
 PARAMETER DEFINITIONS:
    NO.   NAME         VALUE      STEP SIZE      LIMITS
     9 sigma_tt     8.31700e+02  1.00000e-05     no limits
    10 Asymmetry    2.70200e-03  1.00000e-05     no limits
 **********
 **    1 **FIX           1
 **********
 PARAMETER    1  IS UNDEFINED. IGNORED.
 **********
 **    2 **FIX           2
 **********
 PARAMETER    2  IS UNDEFINED. IGNORED.
 **********
 **    3 **FIX           3
 **********
 PARAMETER    3  IS UNDEFINED. IGNORED.
 **********
 **    4 **FIX           4
 **********
 PARAMETER    4  IS UNDEFINED. IGNORED.
 **********
 **    5 **FIX           5
 **********
 PARAMETER    5  IS UNDEFINED. IGNORED.
 **********
 **    6 **FIX           6
 **********
 PARAMETER    6  IS UNDEFINED. IGNORED.
 **********
 **    7 **FIX           7
 **********
 PARAMETER    7  IS UNDEFINED. IGNORED.
 **********
 **    8 **FIX           8
 **********
 PARAMETER    8  IS UNDEFINED. IGNORED.
 **********
 **    9 **FIX           9
 **********
 **********
 **   10 **FIX          10
 **********
 **********
 **   11 **RELEASE          10
 **********
                   PARAMETER   10  Asymmetry RESTORED TO VARIABLE.
 **********
 **   12 **RELEASE           9
 **********
                   PARAMETER    9  sigma_tt RESTORED TO VARIABLE.
 **********
 **   13 **RELEASE           8
 **********
 PARAMETER    8  IS UNDEFINED. IGNORED.
 **********
 **   14 **RELEASE           7
 **********
 PARAMETER    7  IS UNDEFINED. IGNORED.
 **********
 **   15 **RELEASE           6
 **********
 PARAMETER    6  IS UNDEFINED. IGNORED.
 **********
 **   16 **RELEASE           5
 **********
 PARAMETER    5  IS UNDEFINED. IGNORED.
 **********
 **   17 **RELEASE           4
 **********
 PARAMETER    4  IS UNDEFINED. IGNORED.
 **********
 **   18 **RELEASE           3
 **********
 PARAMETER    3  IS UNDEFINED. IGNORED.
 **********
 **   19 **RELEASE           2
 **********
 PARAMETER    2  IS UNDEFINED. IGNORED.
 **********
 **   20 **CALL FCN           1
 **********
 FCN=-457112 FROM CALl fcn    STATUS=RESET           1 CALLS           1 TOTAL
                     EDM= unknown      STRATEGY= 1      NO ERROR MATRIX       
  EXT PARAMETER               CURRENT GUESS      PHYSICAL LIMITS       
  NO.   NAME      VALUE            ERROR       NEGATIVE      POSITIVE  
   9  sigma_tt     8.31700e+02   1.00000e-05
  10  Asymmetry    2.70200e-03   1.00000e-05
 **********
 **   21 **SET PRINT
 **********
 **********
 **   22 **SET RAN   1.235e+08
 **********
 **********
 **   23 **MIGRAD       1e+07       0.001
 **********
 MIGRAD MINIMIZATION HAS CONVERGED.
 MIGRAD WILL VERIFY CONVERGENCE AND ERROR MATRIX.
 FCN=-457962 FROM MIGRAD    STATUS=CONVERGED      42 CALLS          43 TOTAL
                     EDM=3.32459e-07    STRATEGY= 1      ERROR MATRIX ACCURATE 
  EXT PARAMETER                                   STEP         FIRST   
  NO.   NAME      VALUE            ERROR          SIZE      DERIVATIVE 
   9  sigma_tt     6.67697e+02   5.29745e+00   1.75047e+00   1.53655e-04
  10  Asymmetry   -3.67586e-03   7.93391e-03   2.62163e-03  -6.24843e-03
 **********
 **   24 **SET ERR         0.5
 **********
 **********
 **   25 **MINOS
 **********
 FCN=-457962 FROM MINOS     STATUS=SUCCESSFUL     27 CALLS          70 TOTAL
                     EDM=3.32459e-07    STRATEGY= 1      ERROR MATRIX ACCURATE 
  EXT PARAMETER                  PARABOLIC         MINOS ERRORS        
  NO.   NAME      VALUE            ERROR      NEGATIVE      POSITIVE   
   9  sigma_tt     6.67697e+02   3.74586e+00  -3.74244e+00   3.74927e+00
  10  Asymmetry   -3.67586e-03   5.61012e-03  -5.60990e-03   5.61033e-03
                               ERR DEF= 0.5


========================================================================================================= 
====                             Summary of likelihood fit by Minuit                                ===== 
========================================================================================================= 


----------------------------------------------------------------------------------------------------------
Asymmetry O3 = -0.00367586 +0.00561033 --0.0056099  (MINOS errors)
xsection ttbar O3 = 667.697 +3.74927 --3.74244  (MINOS errors)
----------------------------------------------------------------------------------------------------------



End processing...

