The number of options is: 16
channel : MuMu
 studyName : SystematicStudy_v28
 outputDir : SystematicStudy_v28/MuMu/
 outputO3version : O3v1_dR2p5
 object : O3
 inputFileName : SystematicStudy_v28/MuMu/Asymmetry_dimu_SystematicStudy_v28_O3v1_dR2p5.dat
 confFile : SystematicStudy_v28/MuMu/CP_Inputs_dimu_SystematicStudy_v28.config

SetConfFile Sig EFF !!!!0.001667
Obs : O3 Channel MuMu
Luminosity !!! 35867.1
chan ??dimu
-------------Chek Asym----------------
it first DYJetsToLL_M_10To50 second : 0.110138
it first DYJetsToLL_M_50 second : -0.055886
it first Data second : -0.003775
it first ST_tW_antitop second : -0.004764
it first ST_tW_top second : 0.009601
it first TTJets_Signal second : 0.002156
it first TTJets_others second : 0.006538
it first TTbar_WJetToLNu second : -0.006633
it first TTbar_WQQ second : -0.018198
it first TTbar_ZQQ second : 0.054254
it first TTbar_ZToLLNuNu second : -0.015628
it first WW second : 0.094584
it first WZ second : 0.265115
it first ZZ second : -0.027469
-------------Chek AsymErr----------------
it first DYJetsToLL_M_10To50 second : 0.365835
it first DYJetsToLL_M_50 second : 0.042206
it first Data second : 0.00525
it first ST_tW_antitop second : 0.017072
it first ST_tW_top second : 0.017119
it first TTJets_Signal second : 0.002514
it first TTJets_others second : 0.006235
it first TTbar_WJetToLNu second : 0.013388
it first TTbar_WQQ second : 0.055144
it first TTbar_ZQQ second : 0.059862
it first TTbar_ZToLLNuNu second : 0.011387
it first WW second : 0.160193
it first WZ second : 0.292363
it first ZZ second : 0.706573
-------------Chek NPlus----------------
it first DYJetsToLL_M_10To50 second : 72.9365
it first DYJetsToLL_M_50 second : 376.133
it first Data second : 18075
it first ST_tW_antitop second : 311.249
it first ST_tW_top second : 312.557
it first TTJets_Signal second : 15172.8
it first TTJets_others second : 2464.35
it first TTbar_WJetToLNu second : 14.2174
it first TTbar_WQQ second : 9.76442
it first TTbar_ZQQ second : 15.8293
it first TTbar_ZToLLNuNu second : 11.361
it first WW second : 11.0812
it first WZ second : 3.93696
it first ZZ second : 0.534006
-------------Chek NPlusErr----------------
it first DYJetsToLL_M_10To50 second : 36.6135
it first DYJetsToLL_M_50 second : 68.0547
it first Data second : 380.766
it first ST_tW_antitop second : 28.9667
it first ST_tW_top second : 25.5152
it first TTJets_Signal second : 157.442
it first TTJets_others second : 51.0542
it first TTbar_WJetToLNu second : 1.31936
it first TTbar_WQQ second : 2.71086
it first TTbar_ZQQ second : 4.74582
it first TTbar_ZToLLNuNu second : 0.809351
it first WW second : 5.22676
it first WZ second : 2.85605
it first ZZ second : 0.534006
-------------Chek F Plus----------------
it first DYJetsToLL_M_10To50 second : 0.555069
it first DYJetsToLL_M_50 second : 0.472057
it first Data second : 0.498112
it first ST_tW_antitop second : 0.497618
it first ST_tW_top second : 0.5048
it first TTJets_Signal second : 0.501078
it first TTJets_others second : 0.503269
it first TTbar_WJetToLNu second : 0.496683
it first TTbar_WQQ second : 0.490901
it first TTbar_ZQQ second : 0.527127
it first TTbar_ZToLLNuNu second : 0.492186
it first WW second : 0.547292
it first WZ second : 0.632557
it first ZZ second : 0.486266
-------------Chek NMinus----------------
it first DYJetsToLL_M_10To50 second : 58.4643
it first DYJetsToLL_M_50 second : 420.662
it first Data second : 18212
it first ST_tW_antitop second : 314.229
it first ST_tW_top second : 306.613
it first TTJets_Signal second : 15107.5
it first TTJets_others second : 2432.33
it first TTbar_WJetToLNu second : 14.4073
it first TTbar_WQQ second : 10.1264
it first TTbar_ZQQ second : 14.2001
it first TTbar_ZToLLNuNu second : 11.7217
it first WW second : 9.1661
it first WZ second : 2.28692
it first ZZ second : 0.564171
-------------Chek NMinusErr----------------
it first DYJetsToLL_M_10To50 second : 31.8388
it first DYJetsToLL_M_50 second : 63.272
it first Data second : 380.533
it first ST_tW_antitop second : 26.3211
it first ST_tW_top second : 25.8041
it first TTJets_Signal second : 157.414
it first TTJets_others second : 52.8837
it first TTbar_WJetToLNu second : 1.32661
it first TTbar_WQQ second : 2.79156
it first TTbar_ZQQ second : 3.95678
it first TTbar_ZToLLNuNu second : 0.817764
it first WW second : 5.22872
it first WZ second : 1.57969
it first ZZ second : 0.564171
-------------Chek F Minus----------------
it first DYJetsToLL_M_10To50 second : 0.444931
it first DYJetsToLL_M_50 second : 0.527943
it first Data second : 0.501888
it first ST_tW_antitop second : 0.502382
it first ST_tW_top second : 0.4952
it first TTJets_Signal second : 0.498922
it first TTJets_others second : 0.496731
it first TTbar_WJetToLNu second : 0.503317
it first TTbar_WQQ second : 0.509099
it first TTbar_ZQQ second : 0.472873
it first TTbar_ZToLLNuNu second : 0.507814
it first WW second : 0.452708
it first WZ second : 0.367443
it first ZZ second : 0.513734
-------------Chek N Total----------------
it first DYJetsToLL_M_10To50 second : 131.401
it first DYJetsToLL_M_50 second : 796.795
it first Data second : 36287
it first ST_tW_antitop second : 625.478
it first ST_tW_top second : 619.17
it first TTJets_Signal second : 30280.3
it first TTJets_others second : 4896.68
it first TTbar_WJetToLNu second : 28.6248
it first TTbar_WQQ second : 19.8908
it first TTbar_ZQQ second : 30.0294
it first TTbar_ZToLLNuNu second : 23.0827
it first WW second : 20.2473
it first WZ second : 6.22388
it first ZZ second : 1.09818
Make Values for Likelihood fit !!
it->first : DYJetsToLL_M_10To50
it->first : DYJetsToLL_M_50
it->first : ST_tW_antitop
it->first : ST_tW_top
it->first : TTJets_others
it->first : TTbar_WJetToLNu
it->first : TTbar_WQQ
it->first : TTbar_ZQQ
it->first : TTbar_ZToLLNuNu
it->first : WW
it->first : WZ
it->first : ZZ
N_mc : 7198.72
Return Values !!!!
_nparam : 10
step_size ? 1e-05
Inputs::Init_Asym ? 0.002156
 PARAMETER DEFINITIONS:
    NO.   NAME         VALUE      STEP SIZE      LIMITS
     9 sigma_tt     8.31700e+02  1.00000e-05     no limits
    10 Asymmetry    2.15600e-03  1.00000e-05     no limits
 **********
 **    1 **FIX           1
 **********
 PARAMETER    1  IS UNDEFINED. IGNORED.
 **********
 **    2 **FIX           2
 **********
 PARAMETER    2  IS UNDEFINED. IGNORED.
 **********
 **    3 **FIX           3
 **********
 PARAMETER    3  IS UNDEFINED. IGNORED.
 **********
 **    4 **FIX           4
 **********
 PARAMETER    4  IS UNDEFINED. IGNORED.
 **********
 **    5 **FIX           5
 **********
 PARAMETER    5  IS UNDEFINED. IGNORED.
 **********
 **    6 **FIX           6
 **********
 PARAMETER    6  IS UNDEFINED. IGNORED.
 **********
 **    7 **FIX           7
 **********
 PARAMETER    7  IS UNDEFINED. IGNORED.
 **********
 **    8 **FIX           8
 **********
 PARAMETER    8  IS UNDEFINED. IGNORED.
 **********
 **    9 **FIX           9
 **********
 **********
 **   10 **FIX          10
 **********
 **********
 **   11 **RELEASE          10
 **********
                   PARAMETER   10  Asymmetry RESTORED TO VARIABLE.
 **********
 **   12 **RELEASE           9
 **********
                   PARAMETER    9  sigma_tt RESTORED TO VARIABLE.
 **********
 **   13 **RELEASE           8
 **********
 PARAMETER    8  IS UNDEFINED. IGNORED.
 **********
 **   14 **RELEASE           7
 **********
 PARAMETER    7  IS UNDEFINED. IGNORED.
 **********
 **   15 **RELEASE           6
 **********
 PARAMETER    6  IS UNDEFINED. IGNORED.
 **********
 **   16 **RELEASE           5
 **********
 PARAMETER    5  IS UNDEFINED. IGNORED.
 **********
 **   17 **RELEASE           4
 **********
 PARAMETER    4  IS UNDEFINED. IGNORED.
 **********
 **   18 **RELEASE           3
 **********
 PARAMETER    3  IS UNDEFINED. IGNORED.
 **********
 **   19 **RELEASE           2
 **********
 PARAMETER    2  IS UNDEFINED. IGNORED.
 **********
 **   20 **CALL FCN           1
 **********
 FCN=-315246 FROM CALl fcn    STATUS=RESET           1 CALLS           1 TOTAL
                     EDM= unknown      STRATEGY= 1      NO ERROR MATRIX       
  EXT PARAMETER               CURRENT GUESS      PHYSICAL LIMITS       
  NO.   NAME      VALUE            ERROR       NEGATIVE      POSITIVE  
   9  sigma_tt     8.31700e+02   1.00000e-05
  10  Asymmetry    2.15600e-03   1.00000e-05
 **********
 **   21 **SET PRINT
 **********
 **********
 **   22 **SET RAN   1.235e+08
 **********
 **********
 **   23 **MIGRAD       1e+07       0.001
 **********
 MIGRAD MINIMIZATION HAS CONVERGED.
 MIGRAD WILL VERIFY CONVERGENCE AND ERROR MATRIX.
 FCN=-319546 FROM MIGRAD    STATUS=CONVERGED      51 CALLS          52 TOTAL
                     EDM=1.78813e-10    STRATEGY= 1      ERROR MATRIX ACCURATE 
  EXT PARAMETER                                   STEP         FIRST   
  NO.   NAME      VALUE            ERROR          SIZE      DERIVATIVE 
   9  sigma_tt     4.86504e+02   4.50566e+00   1.24363e+00  -3.26791e-06
  10  Asymmetry   -5.02515e-03   9.26124e-03   2.55628e-03   1.28255e-03
 **********
 **   24 **SET ERR         0.5
 **********
 **********
 **   25 **MINOS
 **********
 FCN=-319546 FROM MINOS     STATUS=SUCCESSFUL     28 CALLS          80 TOTAL
                     EDM=1.78813e-10    STRATEGY= 1      ERROR MATRIX ACCURATE 
  EXT PARAMETER                  PARABOLIC         MINOS ERRORS        
  NO.   NAME      VALUE            ERROR      NEGATIVE      POSITIVE   
   9  sigma_tt     4.86504e+02   3.18598e+00  -3.18041e+00   3.19156e+00
  10  Asymmetry   -5.02515e-03   6.54869e-03  -6.54864e-03   6.54868e-03
                               ERR DEF= 0.5


========================================================================================================= 
====                             Summary of likelihood fit by Minuit                                ===== 
========================================================================================================= 


----------------------------------------------------------------------------------------------------------
Asymmetry O3 = -0.00502515 +0.00654868 --0.00654864  (MINOS errors)
xsection ttbar O3 = 486.504 +3.19156 --3.18041  (MINOS errors)
----------------------------------------------------------------------------------------------------------



End processing...

